build/app/intermediates/manifest_merge_blame_file/debug/manifest-merger-blame-debug-report.txt
1<?xml version="1.0" encoding="utf-8"?>
2<manifest xmlns:android="http://schemas.android.com/apk/res/android"
3    package="com.panaceasoft.flutterbuyandsell"
4    android:versionCode="9"
5    android:versionName="1.6.0" >
6
7    <uses-sdk
8        android:minSdkVersion="21"
9        android:targetSdkVersion="29" />
10    <!--
11         Flutter needs it to communicate with the running application
12         to allow setting breakpoints, to provide hot reload, etc.
13    -->
14    <uses-permission android:name="android.permission.INTERNET" />
14-->src\main\AndroidManifest.xml:8:5-67
14-->src\main\AndroidManifest.xml:8:22-64
15    <uses-permission android:name="android.permission.WRITE_EXTERNAL_STORAGE" />
15-->src\main\AndroidManifest.xml:9:5-81
15-->src\main\AndroidManifest.xml:9:22-78
16    <uses-permission android:name="android.permission.READ_EXTERNAL_STORAGE" />
16-->src\main\AndroidManifest.xml:10:5-80
16-->src\main\AndroidManifest.xml:10:22-77
17    <uses-permission android:name="android.permission.VIBRATE" />
17-->src\main\AndroidManifest.xml:11:5-66
17-->src\main\AndroidManifest.xml:11:22-63
18    <uses-permission android:name="android.permission.RECEIVE_BOOT_COMPLETED" />
18-->src\main\AndroidManifest.xml:12:5-80
18-->src\main\AndroidManifest.xml:12:22-78
19    <uses-permission android:name="android.permission.CAMERA" />
19-->src\main\AndroidManifest.xml:13:5-65
19-->src\main\AndroidManifest.xml:13:22-62
20    <uses-permission android:name="android.permission.FLASHLIGHT" />
20-->src\main\AndroidManifest.xml:14:5-69
20-->src\main\AndroidManifest.xml:14:22-66
21    <uses-permission android:name="android.permission.ACCESS_NETWORK_STATE" />
21-->[:connectivity] AndroidManifest.xml:7:5-79
21-->[:connectivity] AndroidManifest.xml:7:22-76
22    <uses-permission android:name="android.permission.ACCESS_WIFI_STATE" />
22-->[:connectivity] AndroidManifest.xml:8:5-76
22-->[:connectivity] AndroidManifest.xml:8:22-73
23    <uses-permission android:name="android.permission.WAKE_LOCK" /> <!-- Required by older versions of Google Play services to create IID tokens -->
23-->[com.google.android.gms:play-services-measurement-api:17.3.0] AndroidManifest.xml:24:5-68
23-->[com.google.android.gms:play-services-measurement-api:17.3.0] AndroidManifest.xml:24:22-65
24    <uses-permission android:name="com.google.android.c2dm.permission.RECEIVE" />
24-->[com.google.firebase:firebase-iid:20.1.5] AndroidManifest.xml:26:5-82
24-->[com.google.firebase:firebase-iid:20.1.5] AndroidManifest.xml:26:22-79
25    <uses-permission android:name="com.google.android.finsky.permission.BIND_GET_INSTALL_REFERRER_SERVICE" />
25-->[com.google.android.gms:play-services-measurement:17.3.0] AndroidManifest.xml:26:5-110
25-->[com.google.android.gms:play-services-measurement:17.3.0] AndroidManifest.xml:26:22-107
26
27    <uses-feature
27-->[com.google.android.gms:play-services-maps:17.0.0] AndroidManifest.xml:26:5-28:35
28        android:glEsVersion="0x00020000"
28-->[com.google.android.gms:play-services-maps:17.0.0] AndroidManifest.xml:27:9-41
29        android:required="true" />
29-->[com.google.android.gms:play-services-maps:17.0.0] AndroidManifest.xml:28:9-32
30    <uses-feature
30-->[io.card:android-sdk:5.5.1] AndroidManifest.xml:12:5-14:36
31        android:name="android.hardware.camera"
31-->[io.card:android-sdk:5.5.1] AndroidManifest.xml:13:9-47
32        android:required="false" />
32-->[io.card:android-sdk:5.5.1] AndroidManifest.xml:14:9-33
33    <uses-feature
33-->[io.card:android-sdk:5.5.1] AndroidManifest.xml:15:5-17:36
34        android:name="android.hardware.camera.autofocus"
34-->[io.card:android-sdk:5.5.1] AndroidManifest.xml:16:9-57
35        android:required="false" />
35-->[io.card:android-sdk:5.5.1] AndroidManifest.xml:17:9-33
36    <!--
37 android:name="io.flutter.app.FlutterApplication"
38    android:name="io.flutter.app.FlutterApplication"
39    android:name=".Application"
40    -->
41    <application
41-->src\main\AndroidManifest.xml:18:5-79:19
42        android:name="com.panaceasoft.flutterbuyandsell.Application"
42-->src\main\AndroidManifest.xml:19:9-36
43        android:allowBackup="true"
43-->[org.jfrog.cardinalcommerce.gradle:cardinalmobilesdk:2.2.1-2] AndroidManifest.xml:14:9-35
44        android:appComponentFactory="androidx.core.app.CoreComponentFactory"
44-->[androidx.core:core:1.1.0] AndroidManifest.xml:24:18-86
45        android:debuggable="true"
46        android:icon="@mipmap/ic_launcher"
46-->src\main\AndroidManifest.xml:24:9-43
47        android:label="Flutter Buy and Sell"
47-->src\main\AndroidManifest.xml:21:9-45
48        android:requestLegacyExternalStorage="true"
48-->src\main\AndroidManifest.xml:23:9-52
49        android:supportsRtl="true"
49-->[com.facebook.android:facebook-login:5.5.1] AndroidManifest.xml:28:18-44
50        android:theme="@style/Theme.AppCompat.Light.NoActionBar"
50-->[:stripe_payment] AndroidManifest.xml:11:18-74
51        android:usesCleartextTraffic="true" >
51-->src\main\AndroidManifest.xml:22:9-44
52        <activity
52-->src\main\AndroidManifest.xml:25:9-49:20
53            android:name="com.panaceasoft.flutterbuyandsell.MainActivity"
53-->src\main\AndroidManifest.xml:26:13-41
54            android:configChanges="orientation|keyboardHidden|keyboard|screenSize|smallestScreenSize|locale|layoutDirection|fontScale|screenLayout|density|uiMode"
54-->src\main\AndroidManifest.xml:29:13-163
55            android:hardwareAccelerated="true"
55-->src\main\AndroidManifest.xml:30:13-47
56            android:launchMode="singleTop"
56-->src\main\AndroidManifest.xml:27:13-43
57            android:theme="@style/LaunchTheme"
57-->src\main\AndroidManifest.xml:28:13-47
58            android:windowSoftInputMode="adjustResize" >
58-->src\main\AndroidManifest.xml:32:13-55
59
60            <!--
61                 This keeps the window background of the activity showing
62                 until Flutter renders its first frame. It can be removed if
63                 there is no splash screen (such as the default splash screen
64                 defined in @style/LaunchTheme).
65            -->
66            <meta-data
66-->src\main\AndroidManifest.xml:37:13-39:40
67                android:name="io.flutter.app.android.SplashScreenUntilFirstFrame"
67-->src\main\AndroidManifest.xml:38:17-82
68                android:value="true" />
68-->src\main\AndroidManifest.xml:39:17-37
69
70            <intent-filter>
70-->src\main\AndroidManifest.xml:40:13-43:29
71                <action android:name="android.intent.action.MAIN" />
71-->src\main\AndroidManifest.xml:41:17-68
71-->src\main\AndroidManifest.xml:41:25-66
72
73                <category android:name="android.intent.category.LAUNCHER" />
73-->src\main\AndroidManifest.xml:42:17-76
73-->src\main\AndroidManifest.xml:42:27-74
74            </intent-filter>
75            <intent-filter>
75-->src\main\AndroidManifest.xml:44:13-47:29
76                <action android:name="FLUTTER_NOTIFICATION_CLICK" />
76-->src\main\AndroidManifest.xml:45:17-69
76-->src\main\AndroidManifest.xml:45:25-66
77
78                <category android:name="android.intent.category.DEFAULT" />
78-->src\main\AndroidManifest.xml:46:17-76
78-->src\main\AndroidManifest.xml:46:27-73
79            </intent-filter>
80        </activity>
81        <activity
81-->src\main\AndroidManifest.xml:50:9-58:20
82            android:name="com.braintreepayments.api.BraintreeBrowserSwitchActivity"
82-->src\main\AndroidManifest.xml:50:19-90
83            android:launchMode="singleTask" >
83-->src\main\AndroidManifest.xml:51:13-44
84            <intent-filter>
84-->src\main\AndroidManifest.xml:52:13-57:29
85                <action android:name="android.intent.action.VIEW" />
85-->src\main\AndroidManifest.xml:53:17-69
85-->src\main\AndroidManifest.xml:53:25-66
86
87                <category android:name="android.intent.category.DEFAULT" />
87-->src\main\AndroidManifest.xml:46:17-76
87-->src\main\AndroidManifest.xml:46:27-73
88                <category android:name="android.intent.category.BROWSABLE" />
88-->src\main\AndroidManifest.xml:55:17-78
88-->src\main\AndroidManifest.xml:55:27-75
89
90                <data android:scheme="com.panaceasoft.flutterbuyandsell.braintree" />
91            </intent-filter>
92        </activity>
93
94        <meta-data
94-->src\main\AndroidManifest.xml:59:9-60:46
95            android:name="com.facebook.sdk.ApplicationId"
95-->src\main\AndroidManifest.xml:59:20-65
96            android:value="@string/facebook_app_id" />
96-->src\main\AndroidManifest.xml:60:5-44
97        <!-- TODO: Replace with your real AdMob app ID -->
98        <meta-data
98-->src\main\AndroidManifest.xml:62:9-64:66
99            android:name="com.google.android.gms.ads.APPLICATION_ID"
99-->src\main\AndroidManifest.xml:63:13-69
100            android:value="@string/android__admob_ads_id_key" />
100-->src\main\AndroidManifest.xml:64:13-63
101
102        <activity
102-->src\main\AndroidManifest.xml:65:9-68:40
103            android:name="com.facebook.FacebookActivity"
103-->src\main\AndroidManifest.xml:65:19-63
104            android:configChanges="keyboard|keyboardHidden|screenLayout|screenSize|orientation"
104-->src\main\AndroidManifest.xml:66:5-101
105            android:label="@string/app_name"
105-->src\main\AndroidManifest.xml:68:5-37
106            android:theme="@style/com_facebook_activity_theme" />
106-->[com.facebook.android:facebook-common:5.5.1] AndroidManifest.xml:32:13-63
107        <activity
107-->src\main\AndroidManifest.xml:69:9-78:20
108            android:name="com.facebook.CustomTabActivity"
108-->src\main\AndroidManifest.xml:70:13-58
109            android:exported="true" >
109-->src\main\AndroidManifest.xml:71:13-36
110            <intent-filter>
110-->src\main\AndroidManifest.xml:72:13-77:29
111                <action android:name="android.intent.action.VIEW" />
111-->src\main\AndroidManifest.xml:53:17-69
111-->src\main\AndroidManifest.xml:53:25-66
112
113                <category android:name="android.intent.category.DEFAULT" />
113-->src\main\AndroidManifest.xml:46:17-76
113-->src\main\AndroidManifest.xml:46:27-73
114                <category android:name="android.intent.category.BROWSABLE" />
114-->src\main\AndroidManifest.xml:55:17-78
114-->src\main\AndroidManifest.xml:55:27-75
115
116                <data android:scheme="@string/fb_login_protocol_scheme" />
117            </intent-filter>
118        </activity>
119        <activity
119-->[:razorpay_flutter] AndroidManifest.xml:8:9-11:20
120            android:name="com.razorpay.CheckoutActivity"
120-->[:razorpay_flutter] AndroidManifest.xml:9:13-57
121            android:configChanges="keyboard|keyboardHidden|orientation|screenSize"
121-->[com.razorpay:checkout:1.5.16] AndroidManifest.xml:20:13-83
122            android:label="Razorpay Checkout"
122-->[:razorpay_flutter] AndroidManifest.xml:10:13-46
123            android:theme="@style/CheckoutTheme" >
123-->[com.razorpay:checkout:1.5.16] AndroidManifest.xml:21:13-49
124            <intent-filter>
124-->[com.razorpay:checkout:1.5.16] AndroidManifest.xml:22:13-28:29
125                <action android:name="android.intent.action.MAIN" />
125-->src\main\AndroidManifest.xml:41:17-68
125-->src\main\AndroidManifest.xml:41:25-66
126
127                <data
128                    android:host="rzp.io"
129                    android:scheme="io.rzp" />
130            </intent-filter>
131        </activity>
132
133        <meta-data
133-->[:stripe_payment] AndroidManifest.xml:12:9-14:36
134            android:name="com.google.android.gms.wallet.api.enabled"
134-->[:stripe_payment] AndroidManifest.xml:13:13-69
135            android:value="true" />
135-->[:stripe_payment] AndroidManifest.xml:14:13-33
136
137        <activity
137-->[:stripe_payment] AndroidManifest.xml:16:9-20:75
138            android:name="com.gettipsi.stripe.OpenBrowserActivity"
138-->[:stripe_payment] AndroidManifest.xml:17:13-67
139            android:exported="false"
139-->[:stripe_payment] AndroidManifest.xml:18:13-37
140            android:launchMode="singleTask"
140-->[:stripe_payment] AndroidManifest.xml:19:13-44
141            android:theme="@android:style/Theme.Translucent.NoTitleBar" />
141-->[:stripe_payment] AndroidManifest.xml:20:13-72
142        <activity
142-->[:stripe_payment] AndroidManifest.xml:21:9-34:20
143            android:name="com.gettipsi.stripe.RedirectUriReceiver"
143-->[:stripe_payment] AndroidManifest.xml:22:13-67
144            android:exported="true"
144-->[:stripe_payment] AndroidManifest.xml:23:13-36
145            android:launchMode="singleTask"
145-->[:stripe_payment] AndroidManifest.xml:24:13-44
146            android:theme="@android:style/Theme.Translucent.NoTitleBar.Fullscreen" >
146-->[:stripe_payment] AndroidManifest.xml:25:13-83
147            <intent-filter>
147-->[:stripe_payment] AndroidManifest.xml:26:13-33:29
148                <action android:name="android.intent.action.VIEW" />
148-->src\main\AndroidManifest.xml:53:17-69
148-->src\main\AndroidManifest.xml:53:25-66
149
150                <category android:name="android.intent.category.DEFAULT" />
150-->src\main\AndroidManifest.xml:46:17-76
150-->src\main\AndroidManifest.xml:46:27-73
151                <category android:name="android.intent.category.BROWSABLE" />
151-->src\main\AndroidManifest.xml:55:17-78
151-->src\main\AndroidManifest.xml:55:27-75
152
153                <data android:scheme="example" />
154            </intent-filter>
155        </activity>
156
157        <service
157-->[:firebase_auth] AndroidManifest.xml:8:9-12:19
158            android:name="com.google.firebase.components.ComponentDiscoveryService"
158-->[:firebase_auth] AndroidManifest.xml:8:18-89
159            android:directBootAware="true"
159-->[com.google.firebase:firebase-common:19.3.0] AndroidManifest.xml:34:13-43
160            android:exported="false" >
160-->[com.google.firebase:firebase-messaging:20.1.5] AndroidManifest.xml:37:13-37
161            <meta-data
161-->[:firebase_auth] AndroidManifest.xml:9:13-11:85
162                android:name="com.google.firebase.components:io.flutter.plugins.firebaseauth.FlutterFirebaseAppRegistrar"
162-->[:firebase_auth] AndroidManifest.xml:10:17-122
163                android:value="com.google.firebase.components.ComponentRegistrar" />
163-->[:firebase_auth] AndroidManifest.xml:11:17-82
164            <meta-data
164-->[:firebase_database] AndroidManifest.xml:9:13-11:85
165                android:name="com.google.firebase.components:io.flutter.plugins.firebase.database.FlutterFirebaseAppRegistrar"
165-->[:firebase_database] AndroidManifest.xml:10:17-127
166                android:value="com.google.firebase.components.ComponentRegistrar" />
166-->[:firebase_database] AndroidManifest.xml:11:17-82
167            <meta-data
167-->[:firebase_core] AndroidManifest.xml:9:13-11:85
168                android:name="com.google.firebase.components:io.flutter.plugins.firebase.core.FlutterFirebaseAppRegistrar"
168-->[:firebase_core] AndroidManifest.xml:10:17-123
169                android:value="com.google.firebase.components.ComponentRegistrar" />
169-->[:firebase_core] AndroidManifest.xml:11:17-82
170            <meta-data
170-->[:firebase_messaging] AndroidManifest.xml:14:13-16:85
171                android:name="com.google.firebase.components:io.flutter.plugins.firebasemessaging.FlutterFirebaseAppRegistrar"
171-->[:firebase_messaging] AndroidManifest.xml:15:17-127
172                android:value="com.google.firebase.components.ComponentRegistrar" />
172-->[:firebase_messaging] AndroidManifest.xml:16:17-82
173            <meta-data
173-->[com.google.firebase:firebase-messaging:20.1.5] AndroidManifest.xml:38:13-40:85
174                android:name="com.google.firebase.components:com.google.firebase.messaging.FirebaseMessagingRegistrar"
174-->[com.google.firebase:firebase-messaging:20.1.5] AndroidManifest.xml:39:17-119
175                android:value="com.google.firebase.components.ComponentRegistrar" />
175-->[com.google.firebase:firebase-messaging:20.1.5] AndroidManifest.xml:40:17-82
176            <meta-data
176-->[com.google.android.gms:play-services-measurement-api:17.3.0] AndroidManifest.xml:30:13-32:85
177                android:name="com.google.firebase.components:com.google.firebase.analytics.connector.internal.AnalyticsConnectorRegistrar"
177-->[com.google.android.gms:play-services-measurement-api:17.3.0] AndroidManifest.xml:31:17-139
178                android:value="com.google.firebase.components.ComponentRegistrar" />
178-->[com.google.android.gms:play-services-measurement-api:17.3.0] AndroidManifest.xml:32:17-82
179            <meta-data
179-->[com.google.firebase:firebase-iid:20.1.5] AndroidManifest.xml:32:13-34:85
180                android:name="com.google.firebase.components:com.google.firebase.iid.Registrar"
180-->[com.google.firebase:firebase-iid:20.1.5] AndroidManifest.xml:33:17-96
181                android:value="com.google.firebase.components.ComponentRegistrar" />
181-->[com.google.firebase:firebase-iid:20.1.5] AndroidManifest.xml:34:17-82
182            <meta-data
182-->[com.google.firebase:firebase-datatransport:17.0.3] AndroidManifest.xml:28:13-30:85
183                android:name="com.google.firebase.components:com.google.firebase.datatransport.TransportRegistrar"
183-->[com.google.firebase:firebase-datatransport:17.0.3] AndroidManifest.xml:29:17-115
184                android:value="com.google.firebase.components.ComponentRegistrar" />
184-->[com.google.firebase:firebase-datatransport:17.0.3] AndroidManifest.xml:30:17-82
185            <meta-data
185-->[com.google.firebase:firebase-installations:16.2.1] AndroidManifest.xml:17:13-19:85
186                android:name="com.google.firebase.components:com.google.firebase.installations.FirebaseInstallationsRegistrar"
186-->[com.google.firebase:firebase-installations:16.2.1] AndroidManifest.xml:18:17-127
187                android:value="com.google.firebase.components.ComponentRegistrar" />
187-->[com.google.firebase:firebase-installations:16.2.1] AndroidManifest.xml:19:17-82
188            <meta-data
188-->[com.google.firebase:firebase-auth:19.2.0] AndroidManifest.xml:36:13-38:85
189                android:name="com.google.firebase.components:com.google.firebase.auth.FirebaseAuthRegistrar"
189-->[com.google.firebase:firebase-auth:19.2.0] AndroidManifest.xml:37:17-109
190                android:value="com.google.firebase.components.ComponentRegistrar" />
190-->[com.google.firebase:firebase-auth:19.2.0] AndroidManifest.xml:38:17-82
191            <meta-data
191-->[com.google.firebase:firebase-database:17.0.0] AndroidManifest.xml:30:13-32:85
192                android:name="com.google.firebase.components:com.google.firebase.database.DatabaseRegistrar"
192-->[com.google.firebase:firebase-database:17.0.0] AndroidManifest.xml:31:17-109
193                android:value="com.google.firebase.components.ComponentRegistrar" />
193-->[com.google.firebase:firebase-database:17.0.0] AndroidManifest.xml:32:17-82
194        </service>
195        <service android:name="io.flutter.plugins.firebasemessaging.FlutterFirebaseMessagingService" >
195-->[:firebase_messaging] AndroidManifest.xml:8:9-12:19
195-->[:firebase_messaging] AndroidManifest.xml:8:18-101
196            <intent-filter>
196-->[:firebase_messaging] AndroidManifest.xml:9:13-11:29
197                <action android:name="com.google.firebase.MESSAGING_EVENT" />
197-->[:firebase_messaging] AndroidManifest.xml:10:17-78
197-->[:firebase_messaging] AndroidManifest.xml:10:25-75
198            </intent-filter>
199        </service>
200
201        <provider
201-->[:esys_flutter_share] AndroidManifest.xml:8:9-16:20
202            android:name="de.esys.esysfluttershare.EsysFlutterShareFileProvider"
202-->[:esys_flutter_share] AndroidManifest.xml:9:13-81
203            android:authorities="com.panaceasoft.flutterbuyandsell.fileprovider.github.com/orgs/esysberlin/esys-flutter-share"
203-->[:esys_flutter_share] AndroidManifest.xml:10:13-110
204            android:exported="false"
204-->[:esys_flutter_share] AndroidManifest.xml:11:13-37
205            android:grantUriPermissions="true" >
205-->[:esys_flutter_share] AndroidManifest.xml:12:13-47
206            <meta-data
206-->[:esys_flutter_share] AndroidManifest.xml:13:13-15:72
207                android:name="android.support.FILE_PROVIDER_PATHS"
207-->[:esys_flutter_share] AndroidManifest.xml:14:17-67
208                android:resource="@xml/esys_flutter_share_filepaths" />
208-->[:esys_flutter_share] AndroidManifest.xml:15:17-69
209        </provider>
210
211        <activity
211-->[:url_launcher] AndroidManifest.xml:8:9-11:74
212            android:name="io.flutter.plugins.urllauncher.WebViewActivity"
212-->[:url_launcher] AndroidManifest.xml:9:13-74
213            android:exported="false"
213-->[:url_launcher] AndroidManifest.xml:10:13-37
214            android:theme="@android:style/Theme.NoTitleBar.Fullscreen" />
214-->[:url_launcher] AndroidManifest.xml:11:13-71
215
216        <provider
216-->[:flutter_webview_plugin] AndroidManifest.xml:9:9-18:20
217            android:name="androidx.core.content.FileProvider"
217-->[:flutter_webview_plugin] AndroidManifest.xml:10:13-62
218            android:authorities="com.panaceasoft.flutterbuyandsell.fileprovider"
218-->[:flutter_webview_plugin] AndroidManifest.xml:11:13-64
219            android:exported="false"
219-->[:flutter_webview_plugin] AndroidManifest.xml:12:13-37
220            android:grantUriPermissions="true" >
220-->[:flutter_webview_plugin] AndroidManifest.xml:13:13-47
221            <meta-data
221-->[:esys_flutter_share] AndroidManifest.xml:13:13-15:72
222                android:name="android.support.FILE_PROVIDER_PATHS"
222-->[:esys_flutter_share] AndroidManifest.xml:14:17-67
223                android:resource="@xml/filepaths" />
223-->[:esys_flutter_share] AndroidManifest.xml:15:17-69
224        </provider>
225        <!--
226             FirebaseMessagingService performs security checks at runtime,
227             but set to not exported to explicitly avoid allowing another app to call it.
228        -->
229        <service
229-->[com.google.firebase:firebase-messaging:20.1.5] AndroidManifest.xml:28:9-34:19
230            android:name="com.google.firebase.messaging.FirebaseMessagingService"
230-->[com.google.firebase:firebase-messaging:20.1.5] AndroidManifest.xml:29:13-82
231            android:exported="false" >
231-->[com.google.firebase:firebase-messaging:20.1.5] AndroidManifest.xml:30:13-37
232            <intent-filter android:priority="-500" >
232-->[:firebase_messaging] AndroidManifest.xml:9:13-11:29
233                <action android:name="com.google.firebase.MESSAGING_EVENT" />
233-->[:firebase_messaging] AndroidManifest.xml:10:17-78
233-->[:firebase_messaging] AndroidManifest.xml:10:25-75
234            </intent-filter>
235        </service>
236
237        <receiver
237-->[com.google.firebase:firebase-iid:20.1.5] AndroidManifest.xml:37:9-44:20
238            android:name="com.google.firebase.iid.FirebaseInstanceIdReceiver"
238-->[com.google.firebase:firebase-iid:20.1.5] AndroidManifest.xml:38:13-78
239            android:exported="true"
239-->[com.google.firebase:firebase-iid:20.1.5] AndroidManifest.xml:39:13-36
240            android:permission="com.google.android.c2dm.permission.SEND" >
240-->[com.google.firebase:firebase-iid:20.1.5] AndroidManifest.xml:40:13-73
241            <intent-filter>
241-->[com.google.firebase:firebase-iid:20.1.5] AndroidManifest.xml:41:13-43:29
242                <action android:name="com.google.android.c2dm.intent.RECEIVE" />
242-->[com.google.firebase:firebase-iid:20.1.5] AndroidManifest.xml:42:17-81
242-->[com.google.firebase:firebase-iid:20.1.5] AndroidManifest.xml:42:25-78
243            </intent-filter>
244        </receiver>
245        <receiver
245-->[com.google.android.gms:play-services-measurement:17.3.0] AndroidManifest.xml:29:9-33:20
246            android:name="com.google.android.gms.measurement.AppMeasurementReceiver"
246-->[com.google.android.gms:play-services-measurement:17.3.0] AndroidManifest.xml:30:13-85
247            android:enabled="true"
247-->[com.google.android.gms:play-services-measurement:17.3.0] AndroidManifest.xml:31:13-35
248            android:exported="false" >
248-->[com.google.android.gms:play-services-measurement:17.3.0] AndroidManifest.xml:32:13-37
249        </receiver>
250        <receiver
250-->[com.google.android.gms:play-services-measurement:17.3.0] AndroidManifest.xml:34:9-42:20
251            android:name="com.google.android.gms.measurement.AppMeasurementInstallReferrerReceiver"
251-->[com.google.android.gms:play-services-measurement:17.3.0] AndroidManifest.xml:35:13-100
252            android:enabled="true"
252-->[com.google.android.gms:play-services-measurement:17.3.0] AndroidManifest.xml:36:13-35
253            android:exported="true"
253-->[com.google.android.gms:play-services-measurement:17.3.0] AndroidManifest.xml:37:13-36
254            android:permission="android.permission.INSTALL_PACKAGES" >
254-->[com.google.android.gms:play-services-measurement:17.3.0] AndroidManifest.xml:38:13-69
255            <intent-filter>
255-->[com.google.android.gms:play-services-measurement:17.3.0] AndroidManifest.xml:39:13-41:29
256                <action android:name="com.android.vending.INSTALL_REFERRER" />
256-->[com.google.android.gms:play-services-measurement:17.3.0] AndroidManifest.xml:40:17-79
256-->[com.google.android.gms:play-services-measurement:17.3.0] AndroidManifest.xml:40:25-76
257            </intent-filter>
258        </receiver>
259
260        <service
260-->[com.google.android.gms:play-services-measurement:17.3.0] AndroidManifest.xml:44:9-47:40
261            android:name="com.google.android.gms.measurement.AppMeasurementService"
261-->[com.google.android.gms:play-services-measurement:17.3.0] AndroidManifest.xml:45:13-84
262            android:enabled="true"
262-->[com.google.android.gms:play-services-measurement:17.3.0] AndroidManifest.xml:46:13-35
263            android:exported="false" />
263-->[com.google.android.gms:play-services-measurement:17.3.0] AndroidManifest.xml:47:13-37
264        <service
264-->[com.google.android.gms:play-services-measurement:17.3.0] AndroidManifest.xml:48:9-52:72
265            android:name="com.google.android.gms.measurement.AppMeasurementJobService"
265-->[com.google.android.gms:play-services-measurement:17.3.0] AndroidManifest.xml:49:13-87
266            android:enabled="true"
266-->[com.google.android.gms:play-services-measurement:17.3.0] AndroidManifest.xml:50:13-35
267            android:exported="false"
267-->[com.google.android.gms:play-services-measurement:17.3.0] AndroidManifest.xml:51:13-37
268            android:permission="android.permission.BIND_JOB_SERVICE" />
268-->[com.google.android.gms:play-services-measurement:17.3.0] AndroidManifest.xml:52:13-69
269
270        <activity
270-->[com.google.firebase:firebase-auth:19.2.0] AndroidManifest.xml:24:9-31:50
271            android:name="com.google.firebase.auth.internal.FederatedSignInActivity"
271-->[com.google.firebase:firebase-auth:19.2.0] AndroidManifest.xml:25:13-85
272            android:excludeFromRecents="true"
272-->[com.google.firebase:firebase-auth:19.2.0] AndroidManifest.xml:26:13-46
273            android:exported="true"
273-->[com.google.firebase:firebase-auth:19.2.0] AndroidManifest.xml:27:13-36
274            android:launchMode="singleTask"
274-->[com.google.firebase:firebase-auth:19.2.0] AndroidManifest.xml:28:13-44
275            android:permission="com.google.firebase.auth.api.gms.permission.LAUNCH_FEDERATED_SIGN_IN"
275-->[com.google.firebase:firebase-auth:19.2.0] AndroidManifest.xml:29:13-102
276            android:theme="@android:style/Theme.Translucent.NoTitleBar" />
276-->[com.google.firebase:firebase-auth:19.2.0] AndroidManifest.xml:30:13-72
277
278        <provider
278-->[com.google.firebase:firebase-common:19.3.0] AndroidManifest.xml:26:9-30:39
279            android:name="com.google.firebase.provider.FirebaseInitProvider"
279-->[com.google.firebase:firebase-common:19.3.0] AndroidManifest.xml:27:13-77
280            android:authorities="com.panaceasoft.flutterbuyandsell.firebaseinitprovider"
280-->[com.google.firebase:firebase-common:19.3.0] AndroidManifest.xml:28:13-72
281            android:exported="false"
281-->[com.google.firebase:firebase-common:19.3.0] AndroidManifest.xml:29:13-37
282            android:initOrder="100" />
282-->[com.google.firebase:firebase-common:19.3.0] AndroidManifest.xml:30:13-36
283
284        <activity
284-->[com.google.android.gms:play-services-auth:16.0.1] AndroidManifest.xml:23:9-27:75
285            android:name="com.google.android.gms.auth.api.signin.internal.SignInHubActivity"
285-->[com.google.android.gms:play-services-auth:16.0.1] AndroidManifest.xml:24:13-93
286            android:excludeFromRecents="true"
286-->[com.google.android.gms:play-services-auth:16.0.1] AndroidManifest.xml:25:13-46
287            android:exported="false"
287-->[com.google.android.gms:play-services-auth:16.0.1] AndroidManifest.xml:26:13-37
288            android:theme="@android:style/Theme.Translucent.NoTitleBar" />
288-->[com.google.android.gms:play-services-auth:16.0.1] AndroidManifest.xml:27:13-72
289        <!--
290            Service handling Google Sign-In user revocation. For apps that do not integrate with
291            Google Sign-In, this service will never be started.
292        -->
293        <service
293-->[com.google.android.gms:play-services-auth:16.0.1] AndroidManifest.xml:33:9-36:110
294            android:name="com.google.android.gms.auth.api.signin.RevocationBoundService"
294-->[com.google.android.gms:play-services-auth:16.0.1] AndroidManifest.xml:34:13-89
295            android:exported="true"
295-->[com.google.android.gms:play-services-auth:16.0.1] AndroidManifest.xml:35:13-36